Compiling the C compiler identification source file "CMakeCCompilerId.c" failed.
Compiler: /Library/Developer/CommandLineTools/usr/bin/cc 
Build flags: 
Id flags:  

The output was:
1
ld: library not found for -lSystem
clang: error: linker command failed with exit code 1 (use -v to see invocation)


Compiling the CXX compiler identification source file "CMakeCXXCompilerId.cpp" failed.
Compiler: /Library/Developer/CommandLineTools/usr/bin/c++ 
Build flags: 
Id flags:  

The output was:
1
ld: library not found for -lc++
clang: error: linker command failed with exit code 1 (use -v to see invocation)


Checking whether the ASM compiler is GNU using "--version" did not match "(GNU assembler)|(GCC)|(Free Software Foundation)":
Apple clang version 12.0.5 (clang-1205.0.22.11)
Target: arm64-apple-darwin20.3.0
Thread model: posix
InstalledDir: /Library/Developer/CommandLineTools/usr/bin
Determining if the include file link.h exists failed with the following output:
Change Dir: /Users/camola/Desktop/università/asm_interpreter/src/shared/external_rsc/build/CMakeFiles/CMakeTmp

Run Build Command(s):/usr/bin/make -f Makefile cmTC_11f2c/fast && /Library/Developer/CommandLineTools/usr/bin/make  -f CMakeFiles/cmTC_11f2c.dir/build.make CMakeFiles/cmTC_11f2c.dir/build
Building C object CMakeFiles/cmTC_11f2c.dir/CheckIncludeFile.c.o
/Library/Developer/CommandLineTools/usr/bin/cc   -arch arm64 -isysroot /Library/Developer/CommandLineTools/SDKs/MacOSX11.3.sdk -mmacosx-version-min=11.2 -MD -MT CMakeFiles/cmTC_11f2c.dir/CheckIncludeFile.c.o -MF CMakeFiles/cmTC_11f2c.dir/CheckIncludeFile.c.o.d -o CMakeFiles/cmTC_11f2c.dir/CheckIncludeFile.c.o -c /Users/camola/Desktop/università/asm_interpreter/src/shared/external_rsc/build/CMakeFiles/CMakeTmp/CheckIncludeFile.c
/Users/camola/Desktop/università/asm_interpreter/src/shared/external_rsc/build/CMakeFiles/CMakeTmp/CheckIncludeFile.c:1:10: fatal error: 'link.h' file not found
#include <link.h>
         ^~~~~~~~
1 error generated.
make[1]: *** [CMakeFiles/cmTC_11f2c.dir/CheckIncludeFile.c.o] Error 1
make: *** [cmTC_11f2c/fast] Error 2



Determining if the include file malloc.h exists failed with the following output:
Change Dir: /Users/camola/Desktop/università/asm_interpreter/src/shared/external_rsc/build/CMakeFiles/CMakeTmp

Run Build Command(s):/usr/bin/make -f Makefile cmTC_c7f7c/fast && /Library/Developer/CommandLineTools/usr/bin/make  -f CMakeFiles/cmTC_c7f7c.dir/build.make CMakeFiles/cmTC_c7f7c.dir/build
Building C object CMakeFiles/cmTC_c7f7c.dir/CheckIncludeFile.c.o
/Library/Developer/CommandLineTools/usr/bin/cc   -arch arm64 -isysroot /Library/Developer/CommandLineTools/SDKs/MacOSX11.3.sdk -mmacosx-version-min=11.2 -MD -MT CMakeFiles/cmTC_c7f7c.dir/CheckIncludeFile.c.o -MF CMakeFiles/cmTC_c7f7c.dir/CheckIncludeFile.c.o.d -o CMakeFiles/cmTC_c7f7c.dir/CheckIncludeFile.c.o -c /Users/camola/Desktop/università/asm_interpreter/src/shared/external_rsc/build/CMakeFiles/CMakeTmp/CheckIncludeFile.c
/Users/camola/Desktop/università/asm_interpreter/src/shared/external_rsc/build/CMakeFiles/CMakeTmp/CheckIncludeFile.c:1:10: fatal error: 'malloc.h' file not found
#include <malloc.h>
         ^~~~~~~~~~
1 error generated.
make[1]: *** [CMakeFiles/cmTC_c7f7c.dir/CheckIncludeFile.c.o] Error 1
make: *** [cmTC_c7f7c/fast] Error 2



Determining if the include file ndir.h exists failed with the following output:
Change Dir: /Users/camola/Desktop/università/asm_interpreter/src/shared/external_rsc/build/CMakeFiles/CMakeTmp

Run Build Command(s):/usr/bin/make -f Makefile cmTC_b9c4d/fast && /Library/Developer/CommandLineTools/usr/bin/make  -f CMakeFiles/cmTC_b9c4d.dir/build.make CMakeFiles/cmTC_b9c4d.dir/build
Building C object CMakeFiles/cmTC_b9c4d.dir/CheckIncludeFile.c.o
/Library/Developer/CommandLineTools/usr/bin/cc   -arch arm64 -isysroot /Library/Developer/CommandLineTools/SDKs/MacOSX11.3.sdk -mmacosx-version-min=11.2 -MD -MT CMakeFiles/cmTC_b9c4d.dir/CheckIncludeFile.c.o -MF CMakeFiles/cmTC_b9c4d.dir/CheckIncludeFile.c.o.d -o CMakeFiles/cmTC_b9c4d.dir/CheckIncludeFile.c.o -c /Users/camola/Desktop/università/asm_interpreter/src/shared/external_rsc/build/CMakeFiles/CMakeTmp/CheckIncludeFile.c
/Users/camola/Desktop/università/asm_interpreter/src/shared/external_rsc/build/CMakeFiles/CMakeTmp/CheckIncludeFile.c:1:10: fatal error: 'ndir.h' file not found
#include <ndir.h>
         ^~~~~~~~
1 error generated.
make[1]: *** [CMakeFiles/cmTC_b9c4d.dir/CheckIncludeFile.c.o] Error 1
make: *** [cmTC_b9c4d/fast] Error 2



Determining if the include file sys/ndir.h exists failed with the following output:
Change Dir: /Users/camola/Desktop/università/asm_interpreter/src/shared/external_rsc/build/CMakeFiles/CMakeTmp

Run Build Command(s):/usr/bin/make -f Makefile cmTC_3a15c/fast && /Library/Developer/CommandLineTools/usr/bin/make  -f CMakeFiles/cmTC_3a15c.dir/build.make CMakeFiles/cmTC_3a15c.dir/build
Building C object CMakeFiles/cmTC_3a15c.dir/CheckIncludeFile.c.o
/Library/Developer/CommandLineTools/usr/bin/cc   -arch arm64 -isysroot /Library/Developer/CommandLineTools/SDKs/MacOSX11.3.sdk -mmacosx-version-min=11.2 -MD -MT CMakeFiles/cmTC_3a15c.dir/CheckIncludeFile.c.o -MF CMakeFiles/cmTC_3a15c.dir/CheckIncludeFile.c.o.d -o CMakeFiles/cmTC_3a15c.dir/CheckIncludeFile.c.o -c /Users/camola/Desktop/università/asm_interpreter/src/shared/external_rsc/build/CMakeFiles/CMakeTmp/CheckIncludeFile.c
/Users/camola/Desktop/università/asm_interpreter/src/shared/external_rsc/build/CMakeFiles/CMakeTmp/CheckIncludeFile.c:1:10: fatal error: 'sys/ndir.h' file not found
#include <sys/ndir.h>
         ^~~~~~~~~~~~
1 error generated.
make[1]: *** [CMakeFiles/cmTC_3a15c.dir/CheckIncludeFile.c.o] Error 1
make: *** [cmTC_3a15c/fast] Error 2



Determining if the function clock_gettime exists in the rt failed with the following output:
Change Dir: /Users/camola/Desktop/università/asm_interpreter/src/shared/external_rsc/build/CMakeFiles/CMakeTmp

Run Build Command(s):/usr/bin/make -f Makefile cmTC_74916/fast && /Library/Developer/CommandLineTools/usr/bin/make  -f CMakeFiles/cmTC_74916.dir/build.make CMakeFiles/cmTC_74916.dir/build
Building C object CMakeFiles/cmTC_74916.dir/CheckFunctionExists.c.o
/Library/Developer/CommandLineTools/usr/bin/cc   -DCHECK_FUNCTION_EXISTS=clock_gettime -arch arm64 -isysroot /Library/Developer/CommandLineTools/SDKs/MacOSX11.3.sdk -mmacosx-version-min=11.2 -MD -MT CMakeFiles/cmTC_74916.dir/CheckFunctionExists.c.o -MF CMakeFiles/cmTC_74916.dir/CheckFunctionExists.c.o.d -o CMakeFiles/cmTC_74916.dir/CheckFunctionExists.c.o -c /opt/homebrew/Cellar/cmake/3.23.1_1/share/cmake/Modules/CheckFunctionExists.c
Linking C executable cmTC_74916
/opt/homebrew/Cellar/cmake/3.23.1_1/bin/cmake -E cmake_link_script CMakeFiles/cmTC_74916.dir/link.txt --verbose=1
/Library/Developer/CommandLineTools/usr/bin/cc  -DCHECK_FUNCTION_EXISTS=clock_gettime -arch arm64 -isysroot /Library/Developer/CommandLineTools/SDKs/MacOSX11.3.sdk -mmacosx-version-min=11.2 -Wl,-search_paths_first -Wl,-headerpad_max_install_names CMakeFiles/cmTC_74916.dir/CheckFunctionExists.c.o -o cmTC_74916  -lrt -lm 
ld: library not found for -lrt
clang: error: linker command failed with exit code 1 (use -v to see invocation)
make[1]: *** [cmTC_74916] Error 1
make: *** [cmTC_74916/fast] Error 2



Determining if the function setupterm exists in the tinfo failed with the following output:
Change Dir: /Users/camola/Desktop/università/asm_interpreter/src/shared/external_rsc/build/CMakeFiles/CMakeTmp

Run Build Command(s):/usr/bin/make -f Makefile cmTC_28cc2/fast && /Library/Developer/CommandLineTools/usr/bin/make  -f CMakeFiles/cmTC_28cc2.dir/build.make CMakeFiles/cmTC_28cc2.dir/build
Building C object CMakeFiles/cmTC_28cc2.dir/CheckFunctionExists.c.o
/Library/Developer/CommandLineTools/usr/bin/cc   -DCHECK_FUNCTION_EXISTS=setupterm -arch arm64 -isysroot /Library/Developer/CommandLineTools/SDKs/MacOSX11.3.sdk -mmacosx-version-min=11.2 -MD -MT CMakeFiles/cmTC_28cc2.dir/CheckFunctionExists.c.o -MF CMakeFiles/cmTC_28cc2.dir/CheckFunctionExists.c.o.d -o CMakeFiles/cmTC_28cc2.dir/CheckFunctionExists.c.o -c /opt/homebrew/Cellar/cmake/3.23.1_1/share/cmake/Modules/CheckFunctionExists.c
Linking C executable cmTC_28cc2
/opt/homebrew/Cellar/cmake/3.23.1_1/bin/cmake -E cmake_link_script CMakeFiles/cmTC_28cc2.dir/link.txt --verbose=1
/Library/Developer/CommandLineTools/usr/bin/cc  -DCHECK_FUNCTION_EXISTS=setupterm -arch arm64 -isysroot /Library/Developer/CommandLineTools/SDKs/MacOSX11.3.sdk -mmacosx-version-min=11.2 -Wl,-search_paths_first -Wl,-headerpad_max_install_names CMakeFiles/cmTC_28cc2.dir/CheckFunctionExists.c.o -o cmTC_28cc2  -ltinfo -lm 
ld: library not found for -ltinfo
clang: error: linker command failed with exit code 1 (use -v to see invocation)
make[1]: *** [cmTC_28cc2] Error 1
make: *** [cmTC_28cc2/fast] Error 2



Determining if the function setupterm exists in the terminfo failed with the following output:
Change Dir: /Users/camola/Desktop/università/asm_interpreter/src/shared/external_rsc/build/CMakeFiles/CMakeTmp

Run Build Command(s):/usr/bin/make -f Makefile cmTC_acd8b/fast && /Library/Developer/CommandLineTools/usr/bin/make  -f CMakeFiles/cmTC_acd8b.dir/build.make CMakeFiles/cmTC_acd8b.dir/build
Building C object CMakeFiles/cmTC_acd8b.dir/CheckFunctionExists.c.o
/Library/Developer/CommandLineTools/usr/bin/cc   -DCHECK_FUNCTION_EXISTS=setupterm -arch arm64 -isysroot /Library/Developer/CommandLineTools/SDKs/MacOSX11.3.sdk -mmacosx-version-min=11.2 -MD -MT CMakeFiles/cmTC_acd8b.dir/CheckFunctionExists.c.o -MF CMakeFiles/cmTC_acd8b.dir/CheckFunctionExists.c.o.d -o CMakeFiles/cmTC_acd8b.dir/CheckFunctionExists.c.o -c /opt/homebrew/Cellar/cmake/3.23.1_1/share/cmake/Modules/CheckFunctionExists.c
Linking C executable cmTC_acd8b
/opt/homebrew/Cellar/cmake/3.23.1_1/bin/cmake -E cmake_link_script CMakeFiles/cmTC_acd8b.dir/link.txt --verbose=1
/Library/Developer/CommandLineTools/usr/bin/cc  -DCHECK_FUNCTION_EXISTS=setupterm -arch arm64 -isysroot /Library/Developer/CommandLineTools/SDKs/MacOSX11.3.sdk -mmacosx-version-min=11.2 -Wl,-search_paths_first -Wl,-headerpad_max_install_names CMakeFiles/cmTC_acd8b.dir/CheckFunctionExists.c.o -o cmTC_acd8b  -lterminfo -lm 
ld: library not found for -lterminfo
clang: error: linker command failed with exit code 1 (use -v to see invocation)
make[1]: *** [cmTC_acd8b] Error 1
make: *** [cmTC_acd8b/fast] Error 2



Determining if the mallctl exist failed with the following output:
Change Dir: /Users/camola/Desktop/università/asm_interpreter/src/shared/external_rsc/build/CMakeFiles/CMakeTmp

Run Build Command(s):/usr/bin/make -f Makefile cmTC_63fde/fast && /Library/Developer/CommandLineTools/usr/bin/make  -f CMakeFiles/cmTC_63fde.dir/build.make CMakeFiles/cmTC_63fde.dir/build
Building C object CMakeFiles/cmTC_63fde.dir/CheckSymbolExists.c.o
/Library/Developer/CommandLineTools/usr/bin/cc   -arch arm64 -isysroot /Library/Developer/CommandLineTools/SDKs/MacOSX11.3.sdk -mmacosx-version-min=11.2 -MD -MT CMakeFiles/cmTC_63fde.dir/CheckSymbolExists.c.o -MF CMakeFiles/cmTC_63fde.dir/CheckSymbolExists.c.o.d -o CMakeFiles/cmTC_63fde.dir/CheckSymbolExists.c.o -c /Users/camola/Desktop/università/asm_interpreter/src/shared/external_rsc/build/CMakeFiles/CMakeTmp/CheckSymbolExists.c
/Users/camola/Desktop/università/asm_interpreter/src/shared/external_rsc/build/CMakeFiles/CMakeTmp/CheckSymbolExists.c:2:10: fatal error: 'malloc_np.h' file not found
#include <malloc_np.h>
         ^~~~~~~~~~~~~
1 error generated.
make[1]: *** [CMakeFiles/cmTC_63fde.dir/CheckSymbolExists.c.o] Error 1
make: *** [cmTC_63fde/fast] Error 2


File /Users/camola/Desktop/università/asm_interpreter/src/shared/external_rsc/build/CMakeFiles/CMakeTmp/CheckSymbolExists.c:
/* */
#include <malloc_np.h>

int main(int argc, char** argv)
{
  (void)argv;
#ifndef mallctl
  return ((int*)(&mallctl))[argc];
#else
  (void)argc;
  return 0;
#endif
}
Determining if the mallinfo exist failed with the following output:
Change Dir: /Users/camola/Desktop/università/asm_interpreter/src/shared/external_rsc/build/CMakeFiles/CMakeTmp

Run Build Command(s):/usr/bin/make -f Makefile cmTC_af2e8/fast && /Library/Developer/CommandLineTools/usr/bin/make  -f CMakeFiles/cmTC_af2e8.dir/build.make CMakeFiles/cmTC_af2e8.dir/build
Building C object CMakeFiles/cmTC_af2e8.dir/CheckSymbolExists.c.o
/Library/Developer/CommandLineTools/usr/bin/cc   -arch arm64 -isysroot /Library/Developer/CommandLineTools/SDKs/MacOSX11.3.sdk -mmacosx-version-min=11.2 -MD -MT CMakeFiles/cmTC_af2e8.dir/CheckSymbolExists.c.o -MF CMakeFiles/cmTC_af2e8.dir/CheckSymbolExists.c.o.d -o CMakeFiles/cmTC_af2e8.dir/CheckSymbolExists.c.o -c /Users/camola/Desktop/università/asm_interpreter/src/shared/external_rsc/build/CMakeFiles/CMakeTmp/CheckSymbolExists.c
/Users/camola/Desktop/università/asm_interpreter/src/shared/external_rsc/build/CMakeFiles/CMakeTmp/CheckSymbolExists.c:2:10: fatal error: 'malloc.h' file not found
#include <malloc.h>
         ^~~~~~~~~~
1 error generated.
make[1]: *** [CMakeFiles/cmTC_af2e8.dir/CheckSymbolExists.c.o] Error 1
make: *** [cmTC_af2e8/fast] Error 2


File /Users/camola/Desktop/università/asm_interpreter/src/shared/external_rsc/build/CMakeFiles/CMakeTmp/CheckSymbolExists.c:
/* */
#include <malloc.h>

int main(int argc, char** argv)
{
  (void)argv;
#ifndef mallinfo
  return ((int*)(&mallinfo))[argc];
#else
  (void)argc;
  return 0;
#endif
}
Determining if the strerror_s exist failed with the following output:
Change Dir: /Users/camola/Desktop/università/asm_interpreter/src/shared/external_rsc/build/CMakeFiles/CMakeTmp

Run Build Command(s):/usr/bin/make -f Makefile cmTC_98083/fast && /Library/Developer/CommandLineTools/usr/bin/make  -f CMakeFiles/cmTC_98083.dir/build.make CMakeFiles/cmTC_98083.dir/build
Building C object CMakeFiles/cmTC_98083.dir/CheckSymbolExists.c.o
/Library/Developer/CommandLineTools/usr/bin/cc   -arch arm64 -isysroot /Library/Developer/CommandLineTools/SDKs/MacOSX11.3.sdk -mmacosx-version-min=11.2 -MD -MT CMakeFiles/cmTC_98083.dir/CheckSymbolExists.c.o -MF CMakeFiles/cmTC_98083.dir/CheckSymbolExists.c.o.d -o CMakeFiles/cmTC_98083.dir/CheckSymbolExists.c.o -c /Users/camola/Desktop/università/asm_interpreter/src/shared/external_rsc/build/CMakeFiles/CMakeTmp/CheckSymbolExists.c
/Users/camola/Desktop/università/asm_interpreter/src/shared/external_rsc/build/CMakeFiles/CMakeTmp/CheckSymbolExists.c:8:19: error: use of undeclared identifier 'strerror_s'; did you mean 'strerror_r'?
  return ((int*)(&strerror_s))[argc];
                  ^~~~~~~~~~
                  strerror_r
/Library/Developer/CommandLineTools/SDKs/MacOSX11.3.sdk/usr/include/string.h:116:6: note: 'strerror_r' declared here
int      strerror_r(int __errnum, char *__strerrbuf, size_t __buflen);
         ^
1 error generated.
make[1]: *** [CMakeFiles/cmTC_98083.dir/CheckSymbolExists.c.o] Error 1
make: *** [cmTC_98083/fast] Error 2


File /Users/camola/Desktop/università/asm_interpreter/src/shared/external_rsc/build/CMakeFiles/CMakeTmp/CheckSymbolExists.c:
/* */
#include <string.h>

int main(int argc, char** argv)
{
  (void)argv;
#ifndef strerror_s
  return ((int*)(&strerror_s))[argc];
#else
  (void)argc;
  return 0;
#endif
}
Determining if the __GLIBC__ exist failed with the following output:
Change Dir: /Users/camola/Desktop/università/asm_interpreter/src/shared/external_rsc/build/CMakeFiles/CMakeTmp

Run Build Command(s):/usr/bin/make -f Makefile cmTC_2acd3/fast && /Library/Developer/CommandLineTools/usr/bin/make  -f CMakeFiles/cmTC_2acd3.dir/build.make CMakeFiles/cmTC_2acd3.dir/build
Building C object CMakeFiles/cmTC_2acd3.dir/CheckSymbolExists.c.o
/Library/Developer/CommandLineTools/usr/bin/cc   -arch arm64 -isysroot /Library/Developer/CommandLineTools/SDKs/MacOSX11.3.sdk -mmacosx-version-min=11.2 -MD -MT CMakeFiles/cmTC_2acd3.dir/CheckSymbolExists.c.o -MF CMakeFiles/cmTC_2acd3.dir/CheckSymbolExists.c.o.d -o CMakeFiles/cmTC_2acd3.dir/CheckSymbolExists.c.o -c /Users/camola/Desktop/università/asm_interpreter/src/shared/external_rsc/build/CMakeFiles/CMakeTmp/CheckSymbolExists.c
/Users/camola/Desktop/università/asm_interpreter/src/shared/external_rsc/build/CMakeFiles/CMakeTmp/CheckSymbolExists.c:8:19: error: use of undeclared identifier '__GLIBC__'
  return ((int*)(&__GLIBC__))[argc];
                  ^
1 error generated.
make[1]: *** [CMakeFiles/cmTC_2acd3.dir/CheckSymbolExists.c.o] Error 1
make: *** [cmTC_2acd3/fast] Error 2


File /Users/camola/Desktop/università/asm_interpreter/src/shared/external_rsc/build/CMakeFiles/CMakeTmp/CheckSymbolExists.c:
/* */
#include <stdio.h>

int main(int argc, char** argv)
{
  (void)argv;
#ifndef __GLIBC__
  return ((int*)(&__GLIBC__))[argc];
#else
  (void)argc;
  return 0;
#endif
}
